<?xml version="1.0" encoding="UTF-8"?>
<!-- Generated by org.testng.reporters.JUnitXMLReporter -->
<testsuite ignored="4" hostname="DESKTOP-BVNUARV" failures="0" tests="3" name="Test1" time="35.517" errors="0" timestamp="2025-09-05T17:37:30 IST">
  <testcase classname="com.ninza.crm.campaignstest.CreateCampaignTest2" name="CreateCampaignWithExpectedDateTest" time="3.269"/>
  <testcase classname="com.ninza.crm.campaignstest.CreateCampaignTest2" name="createCampaignWithMandatoryFieldsTest" time="4.578"/>
  <testcase classname="com.ninza.crm.producttest.CreateProductTest2" name="createProductWithMandatoryFieldTest" time="7.829"/>
  <testcase classname="com.ninza.crm.baseclass.BaseClass2" name="@AfterSuite afterSuite" time="0.0">
    <ignored/>
  </testcase> <!-- @AfterSuite afterSuite -->
  <testcase classname="com.ninza.crm.baseclass.BaseClass2" name="@BeforeSuite beforeSuite" time="0.0">
    <ignored/>
  </testcase> <!-- @BeforeSuite beforeSuite -->
  <testcase classname="com.ninza.crm.baseclass.BaseClass2" name="@AfterTest afterTest" time="0.0">
    <ignored/>
  </testcase> <!-- @AfterTest afterTest -->
  <testcase classname="com.ninza.crm.baseclass.BaseClass2" name="@BeforeTest beforeTest" time="0.0">
    <ignored/>
  </testcase> <!-- @BeforeTest beforeTest -->
</testsuite> <!-- Test1 -->
